<?xml version="1.0" encoding="UTF-8"?>
<testsuite xmlns:xsi="http://www.w3.org/2001/XMLSchema-instance" xsi:noNamespaceSchemaLocation="https://maven.apache.org/surefire/maven-surefire-plugin/xsd/surefire-test-report-3.0.xsd" version="3.0" name="com.example.persistence.JsonConfigTest" time="0.038" tests="7" errors="0" skipped="0" failures="0">
  <properties>
[...]
</properties>
  <testcase name="testLocalDateTimeSerialization" classname="com.example.persistence.JsonConfigTest" time="0.009"/>
  <testcase name="testMapperCreation" classname="com.example.persistence.JsonConfigTest" time="0.001"/>
  <testcase name="testTaskListSerialization" classname="com.example.persistence.JsonConfigTest" time="0.005"/>
  <testcase name="testEmptyTaskListSerialization" classname="com.example.persistence.JsonConfigTest" time="0.003"/>
  <testcase name="testNewMapperInstances" classname="com.example.persistence.JsonConfigTest" time="0.002"/>
  <testcase name="testComplexTagsSerialization" classname="com.example.persistence.JsonConfigTest" time="0.004"/>
  <testcase name="testNullValueHandling" classname="com.example.persistence.JsonConfigTest" time="0.005"/>
</testsuite>